% mean class accuracy (train set)	
 9.2685e+01	
 9.7523e+01	
 9.8221e+01	
 9.8471e+01	
 9.8783e+01	
 9.8894e+01	
 9.8979e+01	
 9.9138e+01	
 9.9246e+01	
 9.9298e+01	
 9.9350e+01	
 9.9369e+01	
 9.9446e+01	
 9.9471e+01	
 9.9500e+01	
 9.9552e+01	
 9.9654e+01	
 9.9638e+01	
 9.9694e+01	
 9.9654e+01	
 9.9710e+01	
 9.9706e+01	
 9.9719e+01	
 9.9735e+01	
 9.9740e+01	
 9.9773e+01	
 9.9769e+01	
 9.9775e+01	
 9.9767e+01	
 9.9833e+01	
 9.9775e+01	
 9.9833e+01	
 9.9829e+01	
 9.9865e+01	
 9.9862e+01	
 9.9848e+01	
 9.9867e+01	
 9.9858e+01	
 9.9900e+01	
